#
# A fatal error has been detected by the Java Runtime Environment:
#
#  EXCEPTION_ACCESS_VIOLATION (0xc0000005) at pc=0x00007ff8ef53dc76, pid=16096, tid=17908
#
# JRE version: Java(TM) SE Runtime Environment (11.0.5+10) (build 11.0.5+10-LTS)
# Java VM: Java HotSpot(TM) 64-Bit Server VM (11.0.5+10-LTS, mixed mode, tiered, compressed oops, g1 gc, windows-amd64)
# Problematic frame:
# V  [jvm.dll+0x19dc76]
#
# No core dump will be written. Minidumps are not enabled by default on client versions of Windows
#
# If you would like to submit a bug report, please visit:
#   http://bugreport.java.com/bugreport/crash.jsp
#

---------------  S U M M A R Y ------------

Command Line: -Dcom.sun.management.jmxremote -Dcom.sun.management.jmxremote.port=56933 -Dcom.sun.management.jmxremote.authenticate=false -Dcom.sun.management.jmxremote.ssl=false -Djava.rmi.server.hostname=localhost -Dspring.jmx.enabled=true -Dspring.application.admin.enabled=true --module-path=C:\java-libs\javafx-sdk-11.0.2\lib --add-modules=javafx.fxml,javafx.controls -Xverify:none -XX:TieredStopAtLevel=1 -Dspring.boot.project.name=sisgesteduc -Dfile.encoding=UTF-8 com.rodrigo7prado.sisGestEduc.Main3 --spring.output.ansi.enabled=always

Host: Intel(R) Core(TM) i7-4500U CPU @ 1.80GHz, 4 cores, 7G,  Windows 10 , 64 bit Build 18362 (10.0.18362.900)
Time: Thu Jul  2 19:38:19 2020 Hora oficial do Brasil elapsed time: 1118 seconds (0d 0h 18m 38s)

---------------  T H R E A D  ---------------

Current thread (0x0000020ce89e1800):  GCTaskThread "GC Thread#3" [stack: 0x00000066a9500000,0x00000066a9600000] [id=17908]

Stack: [0x00000066a9500000,0x00000066a9600000],  sp=0x00000066a95ff6e8,  free space=1021k
Native frames: (J=compiled Java code, j=interpreted, Vv=VM code, C=native code)
V  [jvm.dll+0x19dc76]


siginfo: EXCEPTION_ACCESS_VIOLATION (0xc0000005), reading address 0x0000000752b10ec8


Register to memory mapping:

RIP=0x00007ff8ef53dc76 jvm.dll
RAX=0x00000066a95ff601 points into unknown readable memory: bf c3 c3 0c 02 00 00
RBX=
[error occurred during error reporting (printing register info), id 0xc0000005, EXCEPTION_ACCESS_VIOLATION (0xc0000005) at pc=0x00007ff8ef53dc76]

Registers:
RAX=0x00000066a95ff601, RBX=0x0000000083fd82c8, RCX=0x0000000083fd82c8, RDX=0x0000000083fd82c8
RSP=0x00000066a95ff6e8, RBP=0x0000000083fe8e00, RSI=0x0000020cc3c9be48, RDI=0x0000020cc3c9bdf0
R8 =0x0000000000020000, R9 =0x0000000752b10ec0, R10=0x0000000000000002, R11=0x00000066a95ff880
R12=0x00000066a95ff840, R13=0x0000000083fe8e00, R14=0x0000020cc3c9bdf0, R15=0x0000000083fe9000
RIP=0x00007ff8ef53dc76, EFLAGS=0x0000000000010206

Top of Stack: (sp=0x00000066a95ff6e8)
0x00000066a95ff6e8:   00007ff8ef7043d0 0000000083fd82c8
0x00000066a95ff6f8:   0000020cc3c9be48 0000000083fe8e00
0x00000066a95ff708:   00000066a95ff840 0000000083fd82c8
0x00000066a95ff718:   00007ff8ef68b91e 0000000083f00000
0x00000066a95ff728:   00000066a95ff770 0000000083fd82c8
0x00000066a95ff738:   00007ff8ef7043d0 0000000083fd8220
0x00000066a95ff748:   0000020cc3c9be48 0000000083fe8e00
0x00000066a95ff758:   0000020cc3c9be48 0000000000000100
0x00000066a95ff768:   00007ff8ef704602 0000000083fd8400
0x00000066a95ff778:   0000000083fc8de8 0000000000011ec2
0x00000066a95ff788:   00000066a95ff900 00000066a95ff9a0
0x00000066a95ff798:   00007ff8ef6c42bd 0000000083fe8e00
0x00000066a95ff7a8:   0000020cc3c30b10 0000000083ddde10
0x00000066a95ff7b8:   00000000828b77a8 00000066a95ff870
0x00000066a95ff7c8:   00007ff8ef6b7099 0000000084132400
0x00000066a95ff7d8:   0000000000000040 0000000000000023 

Instructions: (pc=0x00007ff8ef53dc76)
0x00007ff8ef53dc56:   48 83 c4 30 5f c3 cc cc cc cc 48 8b 49 38 48 8b
0x00007ff8ef53dc66:   01 48 ff 60 28 cc cc cc cc cc 4c 8b ca 48 8b d1
0x00007ff8ef53dc76:   45 8b 41 08 45 85 c0 7e 0e 41 f6 c0 01 75 56 41
0x00007ff8ef53dc86:   c1 f8 03 41 8b c0 c3 79 4c 80 3d bb 95 8b 00 00 


Stack slot to memory mapping:
stack at sp + 0 slots: 0x00007ff8ef7043d0 jvm.dll
stack at sp + 1 slots: 
[error occurred during error reporting (inspecting top of stack), id 0xc0000005, EXCEPTION_ACCESS_VIOLATION (0xc0000005) at pc=0x00007ff8ef53dc76]


---------------  P R O C E S S  ---------------

Threads class SMR info:
_java_thread_list=0x0000020ce86fe490, length=38, elements={
0x0000020cc3c21000, 0x0000020ce1fad000, 0x0000020ce1fa3800, 0x0000020ce2923800,
0x0000020ce1fb6000, 0x0000020ce1fba000, 0x0000020ce1fc8800, 0x0000020ce2a56800,
0x0000020ce2b31800, 0x0000020ce3160800, 0x0000020ce3163800, 0x0000020ce317c800,
0x0000020ce3206800, 0x0000020ce32dd800, 0x0000020ce32d9000, 0x0000020ce33bd000,
0x0000020ce340a000, 0x0000020ce953d000, 0x0000020ce953e000, 0x0000020cea9b7000,
0x0000020cea9b4000, 0x0000020cea9b3000, 0x0000020cea9b4800, 0x0000020cea9b5800,
0x0000020cea9b6800, 0x0000020ceb7d6000, 0x0000020ceb7d1000, 0x0000020ceb7d4800,
0x0000020ceb7d2000, 0x0000020ceb7d2800, 0x0000020ceb7d5000, 0x0000020ceb7d3800,
0x0000020ceb7d0800, 0x0000020ceb7d7800, 0x0000020ceb7db000, 0x0000020ceb7da000,
0x0000020ceb7db800, 0x0000020ceb7d9800
}

Java Threads: ( => current thread )
  0x0000020cc3c21000 JavaThread "main" [_thread_blocked, id=12752, stack(0x00000066a7700000,0x00000066a7800000)]
  0x0000020ce1fad000 JavaThread "Reference Handler" daemon [_thread_blocked, id=1120, stack(0x00000066a7e00000,0x00000066a7f00000)]
  0x0000020ce1fa3800 JavaThread "Finalizer" daemon [_thread_blocked, id=17588, stack(0x00000066a7f00000,0x00000066a8000000)]
  0x0000020ce2923800 JavaThread "Signal Dispatcher" daemon [_thread_blocked, id=12740, stack(0x00000066a8000000,0x00000066a8100000)]
  0x0000020ce1fb6000 JavaThread "Attach Listener" daemon [_thread_blocked, id=11040, stack(0x00000066a8100000,0x00000066a8200000)]
  0x0000020ce1fba000 JavaThread "C1 CompilerThread0" daemon [_thread_blocked, id=9360, stack(0x00000066a8200000,0x00000066a8300000)]
  0x0000020ce1fc8800 JavaThread "Sweeper thread" daemon [_thread_blocked, id=5216, stack(0x00000066a8300000,0x00000066a8400000)]
  0x0000020ce2a56800 JavaThread "Common-Cleaner" daemon [_thread_blocked, id=8588, stack(0x00000066a8400000,0x00000066a8500000)]
  0x0000020ce2b31800 JavaThread "Service Thread" daemon [_thread_blocked, id=980, stack(0x00000066a8500000,0x00000066a8600000)]
  0x0000020ce3160800 JavaThread "RMI TCP Accept-0" daemon [_thread_in_native, id=7612, stack(0x00000066a8800000,0x00000066a8900000)]
  0x0000020ce3163800 JavaThread "RMI TCP Accept-56933" daemon [_thread_in_native, id=10132, stack(0x00000066a8900000,0x00000066a8a00000)]
  0x0000020ce317c800 JavaThread "RMI TCP Accept-0" daemon [_thread_in_native, id=1708, stack(0x00000066a8a00000,0x00000066a8b00000)]
  0x0000020ce3206800 JavaThread "QuantumRenderer-0" daemon [_thread_blocked, id=10572, stack(0x00000066a8c00000,0x00000066a8d00000)]
  0x0000020ce32dd800 JavaThread "InvokeLaterDispatcher" daemon [_thread_blocked, id=9688, stack(0x00000066a8d00000,0x00000066a8e00000)]
  0x0000020ce32d9000 JavaThread "JavaFX Application Thread" [_thread_blocked, id=16328, stack(0x00000066a8e00000,0x00000066a8f00000)]
  0x0000020ce33bd000 JavaThread "JavaFX-Launcher" [_thread_blocked, id=14992, stack(0x00000066a9300000,0x00000066a9400000)]
  0x0000020ce340a000 JavaThread "Thread-2" daemon [_thread_blocked, id=1112, stack(0x00000066a9200000,0x00000066a9300000)]
  0x0000020ce953d000 JavaThread "Catalina-utility-1" [_thread_blocked, id=8060, stack(0x00000066a9400000,0x00000066a9500000)]
  0x0000020ce953e000 JavaThread "Catalina-utility-2" [_thread_blocked, id=8304, stack(0x00000066a9600000,0x00000066a9700000)]
  0x0000020cea9b7000 JavaThread "container-0" [_thread_blocked, id=3228, stack(0x00000066a9700000,0x00000066a9800000)]
  0x0000020cea9b4000 JavaThread "mysql-cj-abandoned-connection-cleanup" daemon [_thread_blocked, id=8948, stack(0x00000066a9800000,0x00000066a9900000)]
  0x0000020cea9b3000 JavaThread "HikariPool-1 housekeeper" daemon [_thread_blocked, id=17256, stack(0x00000066a9a00000,0x00000066a9b00000)]
  0x0000020cea9b4800 JavaThread "RMI Scheduler(0)" daemon [_thread_blocked, id=9448, stack(0x00000066a9d00000,0x00000066a9e00000)]
  0x0000020cea9b5800 JavaThread "http-nio-8080-BlockPoller" daemon [_thread_in_native, id=18296, stack(0x00000066a9f00000,0x00000066aa000000)]
  0x0000020cea9b6800 JavaThread "http-nio-8080-exec-1" daemon [_thread_blocked, id=7824, stack(0x00000066aa000000,0x00000066aa100000)]
  0x0000020ceb7d6000 JavaThread "http-nio-8080-exec-2" daemon [_thread_blocked, id=5696, stack(0x00000066aa100000,0x00000066aa200000)]
  0x0000020ceb7d1000 JavaThread "http-nio-8080-exec-3" daemon [_thread_blocked, id=5732, stack(0x00000066aa200000,0x00000066aa300000)]
  0x0000020ceb7d4800 JavaThread "http-nio-8080-exec-4" daemon [_thread_blocked, id=888, stack(0x00000066aa300000,0x00000066aa400000)]
  0x0000020ceb7d2000 JavaThread "http-nio-8080-exec-5" daemon [_thread_blocked, id=14240, stack(0x00000066aa400000,0x00000066aa500000)]
  0x0000020ceb7d2800 JavaThread "http-nio-8080-exec-6" daemon [_thread_blocked, id=15604, stack(0x00000066aa500000,0x00000066aa600000)]
  0x0000020ceb7d5000 JavaThread "http-nio-8080-exec-7" daemon [_thread_blocked, id=3036, stack(0x00000066aa600000,0x00000066aa700000)]
  0x0000020ceb7d3800 JavaThread "http-nio-8080-exec-8" daemon [_thread_blocked, id=11988, stack(0x00000066aa700000,0x00000066aa800000)]
  0x0000020ceb7d0800 JavaThread "http-nio-8080-exec-9" daemon [_thread_blocked, id=13268, stack(0x00000066aa800000,0x00000066aa900000)]
  0x0000020ceb7d7800 JavaThread "http-nio-8080-exec-10" daemon [_thread_blocked, id=14268, stack(0x00000066aa900000,0x00000066aaa00000)]
  0x0000020ceb7db000 JavaThread "http-nio-8080-ClientPoller" daemon [_thread_in_native, id=15892, stack(0x00000066aaa00000,0x00000066aab00000)]
  0x0000020ceb7da000 JavaThread "http-nio-8080-Acceptor" daemon [_thread_in_native, id=7840, stack(0x00000066aab00000,0x00000066aac00000)]
  0x0000020ceb7db800 JavaThread "Prism Font Disposer" daemon [_thread_blocked, id=4160, stack(0x00000066aae00000,0x00000066aaf00000)]
  0x0000020ceb7d9800 JavaThread "Cleaner-0" daemon [_thread_blocked, id=8616, stack(0x00000066aaf00000,0x00000066ab000000)]

Other Threads:
  0x0000020ce1f75800 VMThread "VM Thread" [stack: 0x00000066a7d00000,0x00000066a7e00000] [id=16968]
  0x0000020ce31fc000 WatcherThread [stack: 0x00000066a8b00000,0x00000066a8c00000] [id=5092]
  0x0000020cc3c39000 GCTaskThread "GC Thread#0" [stack: 0x00000066a7800000,0x00000066a7900000] [id=220]
  0x0000020ce2fc8000 GCTaskThread "GC Thread#1" [stack: 0x00000066a8600000,0x00000066a8700000] [id=9772]
  0x0000020ce301b800 GCTaskThread "GC Thread#2" [stack: 0x00000066a8700000,0x00000066a8800000] [id=17136]
=>0x0000020ce89e1800 GCTaskThread "GC Thread#3" [stack: 0x00000066a9500000,0x00000066a9600000] [id=17908]
  0x0000020cc3c6b000 ConcurrentGCThread "G1 Main Marker" [stack: 0x00000066a7900000,0x00000066a7a00000] [id=1016]
  0x0000020cc3c6c000 ConcurrentGCThread "G1 Conc#0" [stack: 0x00000066a7a00000,0x00000066a7b00000] [id=9736]
  0x0000020ce1de4800 ConcurrentGCThread "G1 Refine#0" [stack: 0x00000066a7b00000,0x00000066a7c00000] [id=9292]
  0x0000020cef961000 ConcurrentGCThread "G1 Refine#1" [stack: 0x00000066a9e00000,0x00000066a9f00000] [id=18080]
  0x0000020ce1de7000 ConcurrentGCThread "G1 Young RemSet Sampling" [stack: 0x00000066a7c00000,0x00000066a7d00000] [id=17460]

Threads with active compile tasks:

VM state:at safepoint (normal execution)

VM Mutex/Monitor currently owned by a thread:  ([mutex/lock_event])
[0x0000020cc3c20bc0] Threads_lock - owner thread: 0x0000020ce1f75800
[0x0000020cc3c202c0] Heap_lock - owner thread: 0x0000020ce32d9000

Heap address: 0x0000000081c00000, size: 2020 MB, Compressed Oops mode: 32-bit
Narrow klass base: 0x0000000000000000, Narrow klass shift: 3
Compressed class space size: 1073741824 Address: 0x0000000100000000

Heap:
 garbage-first heap   total 227328K, used 177185K [0x0000000081c00000, 0x0000000100000000)
  region size 1024K, 111 young (113664K), 5 survivors (5120K)
 Metaspace       used 78284K, capacity 81356K, committed 81480K, reserved 1118208K
  class space    used 10729K, capacity 11953K, committed 12032K, reserved 1048576K
Heap Regions: E=young(eden), S=young(survivor), O=old, HS=humongous(starts), HC=humongous(continues), CS=collection set, F=free, A=archive, TAMS=top-at-mark-start (previous, next)
|   0|0x0000000081c00000, 0x0000000081d00000, 0x0000000081d00000|100%|HS|  |TAMS 0x0000000081d00000, 0x0000000081c00000| Complete 
|   1|0x0000000081d00000, 0x0000000081e00000, 0x0000000081e00000|100%| O|  |TAMS 0x0000000081e00000, 0x0000000081d00000| Untracked 
|   2|0x0000000081e00000, 0x0000000081f00000, 0x0000000081f00000|100%| O|  |TAMS 0x0000000081f00000, 0x0000000081e00000| Untracked 
|   3|0x0000000081f00000, 0x0000000082000000, 0x0000000082000000|100%| O|  |TAMS 0x0000000082000000, 0x0000000081f00000| Untracked 
|   4|0x0000000082000000, 0x0000000082100000, 0x0000000082100000|100%| O|  |TAMS 0x0000000082100000, 0x0000000082000000| Untracked 
|   5|0x0000000082100000, 0x0000000082200000, 0x0000000082200000|100%| O|  |TAMS 0x0000000082200000, 0x0000000082100000| Untracked 
|   6|0x0000000082200000, 0x0000000082300000, 0x0000000082300000|100%| O|  |TAMS 0x0000000082300000, 0x0000000082200000| Untracked 
|   7|0x0000000082300000, 0x0000000082400000, 0x0000000082400000|100%| O|  |TAMS 0x0000000082400000, 0x0000000082300000| Untracked 
|   8|0x0000000082400000, 0x0000000082500000, 0x0000000082500000|100%| O|  |TAMS 0x0000000082500000, 0x0000000082400000| Untracked 
|   9|0x0000000082500000, 0x0000000082600000, 0x0000000082600000|100%| O|  |TAMS 0x0000000082600000, 0x0000000082500000| Untracked 
|  10|0x0000000082600000, 0x0000000082700000, 0x0000000082700000|100%| O|  |TAMS 0x0000000082700000, 0x0000000082600000| Untracked 
|  11|0x0000000082700000, 0x0000000082800000, 0x0000000082800000|100%| O|  |TAMS 0x0000000082800000, 0x0000000082700000| Untracked 
|  12|0x0000000082800000, 0x0000000082900000, 0x0000000082900000|100%| O|  |TAMS 0x0000000082900000, 0x0000000082800000| Untracked 
|  13|0x0000000082900000, 0x0000000082a00000, 0x0000000082a00000|100%| O|  |TAMS 0x0000000082a00000, 0x0000000082900000| Untracked 
|  14|0x0000000082a00000, 0x0000000082b00000, 0x0000000082b00000|100%| O|  |TAMS 0x0000000082b00000, 0x0000000082a00000| Untracked 
|  15|0x0000000082b00000, 0x0000000082c00000, 0x0000000082c00000|100%| O|  |TAMS 0x0000000082c00000, 0x0000000082b00000| Untracked 
|  16|0x0000000082c00000, 0x0000000082d00000, 0x0000000082d00000|100%| O|  |TAMS 0x0000000082d00000, 0x0000000082c00000| Untracked 
|  17|0x0000000082d00000, 0x0000000082e00000, 0x0000000082e00000|100%| O|  |TAMS 0x0000000082e00000, 0x0000000082d00000| Untracked 
|  18|0x0000000082e00000, 0x0000000082f00000, 0x0000000082f00000|100%| O|  |TAMS 0x0000000082f00000, 0x0000000082e00000| Untracked 
|  19|0x0000000082f00000, 0x0000000083000000, 0x0000000083000000|100%| O|  |TAMS 0x0000000083000000, 0x0000000082f00000| Untracked 
|  20|0x0000000083000000, 0x0000000083100000, 0x0000000083100000|100%| O|  |TAMS 0x0000000083100000, 0x0000000083000000| Untracked 
|  21|0x0000000083100000, 0x0000000083200000, 0x0000000083200000|100%| O|  |TAMS 0x0000000083200000, 0x0000000083100000| Untracked 
|  22|0x0000000083200000, 0x0000000083300000, 0x0000000083300000|100%| O|  |TAMS 0x0000000083300000, 0x0000000083200000| Untracked 
|  23|0x0000000083300000, 0x0000000083400000, 0x0000000083400000|100%| O|  |TAMS 0x0000000083400000, 0x0000000083300000| Untracked 
|  24|0x0000000083400000, 0x0000000083500000, 0x0000000083500000|100%| O|  |TAMS 0x0000000083500000, 0x0000000083400000| Untracked 
|  25|0x0000000083500000, 0x0000000083600000, 0x0000000083600000|100%| O|  |TAMS 0x0000000083565c00, 0x0000000083500000| Untracked 
|  26|0x0000000083600000, 0x0000000083700000, 0x0000000083700000|100%| O|  |TAMS 0x0000000083600000, 0x0000000083600000| Untracked 
|  27|0x0000000083700000, 0x0000000083800000, 0x0000000083800000|100%| O|  |TAMS 0x0000000083700000, 0x0000000083700000| Untracked 
|  28|0x0000000083800000, 0x0000000083900000, 0x0000000083900000|100%| O|  |TAMS 0x0000000083800000, 0x0000000083800000| Untracked 
|  29|0x0000000083900000, 0x0000000083a00000, 0x0000000083a00000|100%| O|  |TAMS 0x0000000083900000, 0x0000000083900000| Untracked 
|  30|0x0000000083a00000, 0x0000000083b00000, 0x0000000083b00000|100%| O|  |TAMS 0x0000000083a00000, 0x0000000083a00000| Untracked 
|  31|0x0000000083b00000, 0x0000000083c00000, 0x0000000083c00000|100%| O|  |TAMS 0x0000000083b00000, 0x0000000083b00000| Untracked 
|  32|0x0000000083c00000, 0x0000000083d00000, 0x0000000083d00000|100%| O|  |TAMS 0x0000000083c00000, 0x0000000083c00000| Untracked 
|  33|0x0000000083d00000, 0x0000000083e00000, 0x0000000083e00000|100%| O|  |TAMS 0x0000000083d00000, 0x0000000083d00000| Untracked 
|  34|0x0000000083e00000, 0x0000000083f00000, 0x0000000083f00000|100%| O|  |TAMS 0x0000000083e00000, 0x0000000083e00000| Untracked 
|  35|0x0000000083f00000, 0x0000000084000000, 0x0000000084000000|100%| O|  |TAMS 0x0000000083f00000, 0x0000000083f00000| Untracked 
|  36|0x0000000084000000, 0x0000000084100000, 0x0000000084100000|100%| O|  |TAMS 0x0000000084000000, 0x0000000084000000| Untracked 
|  37|0x0000000084100000, 0x0000000084200000, 0x0000000084200000|100%| O|  |TAMS 0x0000000084100000, 0x0000000084100000| Untracked 
|  38|0x0000000084200000, 0x0000000084300000, 0x0000000084300000|100%| O|  |TAMS 0x0000000084200000, 0x0000000084200000| Untracked 
|  39|0x0000000084300000, 0x0000000084400000, 0x0000000084400000|100%| O|  |TAMS 0x0000000084300000, 0x0000000084300000| Untracked 
|  40|0x0000000084400000, 0x0000000084500000, 0x0000000084500000|100%| O|  |TAMS 0x0000000084400000, 0x0000000084400000| Untracked 
|  41|0x0000000084500000, 0x0000000084600000, 0x0000000084600000|100%| O|  |TAMS 0x0000000084500000, 0x0000000084500000| Untracked 
|  42|0x0000000084600000, 0x0000000084700000, 0x0000000084700000|100%| O|  |TAMS 0x0000000084600000, 0x0000000084600000| Untracked 
|  43|0x0000000084700000, 0x0000000084800000, 0x0000000084800000|100%|HS|  |TAMS 0x0000000084700000, 0x0000000084700000| Complete 
|  44|0x0000000084800000, 0x0000000084900000, 0x0000000084900000|100%|HC|  |TAMS 0x0000000084800000, 0x0000000084800000| Complete 
|  45|0x0000000084900000, 0x0000000084a00000, 0x0000000084a00000|100%| O|  |TAMS 0x0000000084900000, 0x0000000084900000| Untracked 
|  46|0x0000000084a00000, 0x0000000084b00000, 0x0000000084b00000|100%| O|  |TAMS 0x0000000084a00000, 0x0000000084a00000| Untracked 
|  47|0x0000000084b00000, 0x0000000084c00000, 0x0000000084c00000|100%| O|  |TAMS 0x0000000084b00000, 0x0000000084b00000| Untracked 
|  48|0x0000000084c00000, 0x0000000084d00000, 0x0000000084d00000|100%| O|  |TAMS 0x0000000084c00000, 0x0000000084c00000| Untracked 
|  49|0x0000000084d00000, 0x0000000084e00000, 0x0000000084e00000|100%| O|  |TAMS 0x0000000084d00000, 0x0000000084d00000| Untracked 
|  50|0x0000000084e00000, 0x0000000084f00000, 0x0000000084f00000|100%| O|  |TAMS 0x0000000084e00000, 0x0000000084e00000| Untracked 
|  51|0x0000000084f00000, 0x0000000085000000, 0x0000000085000000|100%| O|  |TAMS 0x0000000084f00000, 0x0000000084f00000| Untracked 
|  52|0x0000000085000000, 0x0000000085100000, 0x0000000085100000|100%| O|  |TAMS 0x0000000085000000, 0x0000000085000000| Untracked 
|  53|0x0000000085100000, 0x0000000085200000, 0x0000000085200000|100%| O|  |TAMS 0x0000000085100000, 0x0000000085100000| Untracked 
|  54|0x0000000085200000, 0x0000000085300000, 0x0000000085300000|100%| O|  |TAMS 0x0000000085200000, 0x0000000085200000| Untracked 
|  55|0x0000000085300000, 0x0000000085400000, 0x0000000085400000|100%| O|  |TAMS 0x0000000085300000, 0x0000000085300000| Untracked 
|  56|0x0000000085400000, 0x0000000085500000, 0x0000000085500000|100%| O|  |TAMS 0x0000000085400000, 0x0000000085400000| Untracked 
|  57|0x0000000085500000, 0x0000000085600000, 0x0000000085600000|100%| O|  |TAMS 0x0000000085500000, 0x0000000085500000| Untracked 
|  58|0x0000000085600000, 0x0000000085700000, 0x0000000085700000|100%| O|  |TAMS 0x0000000085600000, 0x0000000085600000| Untracked 
|  59|0x0000000085700000, 0x0000000085800000, 0x0000000085800000|100%| O|  |TAMS 0x0000000085700000, 0x0000000085700000| Untracked 
|  60|0x0000000085800000, 0x0000000085900000, 0x0000000085900000|100%| O|  |TAMS 0x0000000085800000, 0x0000000085800000| Untracked 
|  61|0x0000000085900000, 0x0000000085a00000, 0x0000000085a00000|100%| O|  |TAMS 0x0000000085900000, 0x0000000085900000| Untracked 
|  62|0x0000000085a00000, 0x0000000085b00000, 0x0000000085b00000|100%| O|  |TAMS 0x0000000085a00000, 0x0000000085a00000| Untracked 
|  63|0x0000000085b00000, 0x0000000085c00000, 0x0000000085c00000|100%| O|  |TAMS 0x0000000085b00000, 0x0000000085b00000| Untracked 
|  64|0x0000000085c00000, 0x0000000085d00000, 0x0000000085d00000|100%| O|  |TAMS 0x0000000085c00000, 0x0000000085c00000| Untracked 
|  65|0x0000000085d00000, 0x0000000085e00000, 0x0000000085e00000|100%| O|  |TAMS 0x0000000085d00000, 0x0000000085d00000| Untracked 
|  66|0x0000000085e00000, 0x0000000085e99a98, 0x0000000085f00000| 60%| O|  |TAMS 0x0000000085e00000, 0x0000000085e00000| Untracked 
|  67|0x0000000085f00000, 0x0000000085f00000, 0x0000000086000000|  0%| F|  |TAMS 0x0000000085f00000, 0x0000000085f00000| Untracked 
|  68|0x0000000086000000, 0x0000000086000000, 0x0000000086100000|  0%| F|  |TAMS 0x0000000086000000, 0x0000000086000000| Untracked 
|  69|0x0000000086100000, 0x0000000086100000, 0x0000000086200000|  0%| F|  |TAMS 0x0000000086100000, 0x0000000086100000| Untracked 
|  70|0x0000000086200000, 0x0000000086200000, 0x0000000086300000|  0%| F|  |TAMS 0x0000000086200000, 0x0000000086200000| Untracked 
|  71|0x0000000086300000, 0x0000000086300000, 0x0000000086400000|  0%| F|  |TAMS 0x0000000086300000, 0x0000000086300000| Untracked 
|  72|0x0000000086400000, 0x0000000086500000, 0x0000000086500000|100%| E|CS|TAMS 0x0000000086400000, 0x0000000086400000| Complete 
|  73|0x0000000086500000, 0x0000000086600000, 0x0000000086600000|100%| E|CS|TAMS 0x0000000086500000, 0x0000000086500000| Complete 
|  74|0x0000000086600000, 0x0000000086700000, 0x0000000086700000|100%| E|CS|TAMS 0x0000000086600000, 0x0000000086600000| Complete 
|  75|0x0000000086700000, 0x0000000086800000, 0x0000000086800000|100%| E|CS|TAMS 0x0000000086700000, 0x0000000086700000| Complete 
|  76|0x0000000086800000, 0x0000000086900000, 0x0000000086900000|100%| E|CS|TAMS 0x0000000086800000, 0x0000000086800000| Complete 
|  77|0x0000000086900000, 0x0000000086a00000, 0x0000000086a00000|100%| E|CS|TAMS 0x0000000086900000, 0x0000000086900000| Complete 
|  78|0x0000000086a00000, 0x0000000086b00000, 0x0000000086b00000|100%| E|CS|TAMS 0x0000000086a00000, 0x0000000086a00000| Complete 
|  79|0x0000000086b00000, 0x0000000086c00000, 0x0000000086c00000|100%| E|CS|TAMS 0x0000000086b00000, 0x0000000086b00000| Complete 
|  80|0x0000000086c00000, 0x0000000086d00000, 0x0000000086d00000|100%| E|CS|TAMS 0x0000000086c00000, 0x0000000086c00000| Complete 
|  81|0x0000000086d00000, 0x0000000086e00000, 0x0000000086e00000|100%| E|CS|TAMS 0x0000000086d00000, 0x0000000086d00000| Complete 
|  82|0x0000000086e00000, 0x0000000086f00000, 0x0000000086f00000|100%| E|CS|TAMS 0x0000000086e00000, 0x0000000086e00000| Complete 
|  83|0x0000000086f00000, 0x0000000087000000, 0x0000000087000000|100%| E|CS|TAMS 0x0000000086f00000, 0x0000000086f00000| Complete 
|  84|0x0000000087000000, 0x0000000087000000, 0x0000000087100000|  0%| F|  |TAMS 0x0000000087000000, 0x0000000087000000| Untracked 
|  85|0x0000000087100000, 0x0000000087100000, 0x0000000087200000|  0%| F|  |TAMS 0x0000000087100000, 0x0000000087100000| Untracked 
|  86|0x0000000087200000, 0x0000000087200000, 0x0000000087300000|  0%| F|  |TAMS 0x0000000087200000, 0x0000000087200000| Untracked 
|  87|0x0000000087300000, 0x0000000087300000, 0x0000000087400000|  0%| F|  |TAMS 0x0000000087300000, 0x0000000087300000| Untracked 
|  88|0x0000000087400000, 0x0000000087400000, 0x0000000087500000|  0%| F|  |TAMS 0x0000000087400000, 0x0000000087400000| Untracked 
|  89|0x0000000087500000, 0x0000000087500000, 0x0000000087600000|  0%| F|  |TAMS 0x0000000087500000, 0x0000000087500000| Untracked 
|  90|0x0000000087600000, 0x0000000087600000, 0x0000000087700000|  0%| F|  |TAMS 0x0000000087600000, 0x0000000087600000| Untracked 
|  91|0x0000000087700000, 0x0000000087700000, 0x0000000087800000|  0%| F|  |TAMS 0x0000000087700000, 0x0000000087700000| Untracked 
|  92|0x0000000087800000, 0x0000000087900000, 0x0000000087900000|100%| E|CS|TAMS 0x0000000087800000, 0x0000000087800000| Complete 
|  93|0x0000000087900000, 0x0000000087a00000, 0x0000000087a00000|100%| E|CS|TAMS 0x0000000087900000, 0x0000000087900000| Complete 
|  94|0x0000000087a00000, 0x0000000087b00000, 0x0000000087b00000|100%| E|CS|TAMS 0x0000000087a00000, 0x0000000087a00000| Complete 
|  95|0x0000000087b00000, 0x0000000087c00000, 0x0000000087c00000|100%| E|CS|TAMS 0x0000000087b00000, 0x0000000087b00000| Complete 
|  96|0x0000000087c00000, 0x0000000087d00000, 0x0000000087d00000|100%| E|CS|TAMS 0x0000000087c00000, 0x0000000087c00000| Complete 
|  97|0x0000000087d00000, 0x0000000087d00000, 0x0000000087e00000|  0%| F|  |TAMS 0x0000000087d00000, 0x0000000087d00000| Untracked 
|  98|0x0000000087e00000, 0x0000000087e00000, 0x0000000087f00000|  0%| F|  |TAMS 0x0000000087e00000, 0x0000000087e00000| Untracked 
|  99|0x0000000087f00000, 0x0000000087f00000, 0x0000000088000000|  0%| F|  |TAMS 0x0000000087f00000, 0x0000000087f00000| Untracked 
| 100|0x0000000088000000, 0x0000000088000000, 0x0000000088100000|  0%| F|  |TAMS 0x0000000088000000, 0x0000000088000000| Untracked 
| 101|0x0000000088100000, 0x0000000088100000, 0x0000000088200000|  0%| F|  |TAMS 0x0000000088100000, 0x0000000088100000| Untracked 
| 102|0x0000000088200000, 0x0000000088200000, 0x0000000088300000|  0%| F|  |TAMS 0x0000000088200000, 0x0000000088200000| Untracked 
| 103|0x0000000088300000, 0x0000000088300000, 0x0000000088400000|  0%| F|  |TAMS 0x0000000088300000, 0x0000000088300000| Untracked 
| 104|0x0000000088400000, 0x0000000088400000, 0x0000000088500000|  0%| F|  |TAMS 0x0000000088400000, 0x0000000088400000| Untracked 
| 105|0x0000000088500000, 0x0000000088500000, 0x0000000088600000|  0%| F|  |TAMS 0x0000000088500000, 0x0000000088500000| Untracked 
| 106|0x0000000088600000, 0x0000000088600000, 0x0000000088700000|  0%| F|  |TAMS 0x0000000088600000, 0x0000000088600000| Untracked 
| 107|0x0000000088700000, 0x0000000088700000, 0x0000000088800000|  0%| F|  |TAMS 0x0000000088700000, 0x0000000088700000| Untracked 
| 108|0x0000000088800000, 0x0000000088800000, 0x0000000088900000|  0%| F|  |TAMS 0x0000000088800000, 0x0000000088800000| Untracked 
| 109|0x0000000088900000, 0x0000000088900000, 0x0000000088a00000|  0%| F|  |TAMS 0x0000000088900000, 0x0000000088900000| Untracked 
| 110|0x0000000088a00000, 0x0000000088a00000, 0x0000000088b00000|  0%| F|  |TAMS 0x0000000088a00000, 0x0000000088a00000| Untracked 
| 111|0x0000000088b00000, 0x0000000088c00000, 0x0000000088c00000|100%| S|  |TAMS 0x0000000088b00000, 0x0000000088b00000| Complete 
| 112|0x0000000088c00000, 0x0000000088d00000, 0x0000000088d00000|100%| S|  |TAMS 0x0000000088c00000, 0x0000000088c00000| Complete 
| 113|0x0000000088d00000, 0x0000000088e00000, 0x0000000088e00000|100%| S|  |TAMS 0x0000000088d00000, 0x0000000088d00000| Complete 
| 114|0x0000000088e00000, 0x0000000088f00000, 0x0000000088f00000|100%| S|  |TAMS 0x0000000088e00000, 0x0000000088e00000| Complete 
| 115|0x0000000088f00000, 0x0000000089000000, 0x0000000089000000|100%| S|  |TAMS 0x0000000088f00000, 0x0000000088f00000| Complete 
| 116|0x0000000089000000, 0x0000000089100000, 0x0000000089100000|100%| E|CS|TAMS 0x0000000089000000, 0x0000000089000000| Complete 
| 117|0x0000000089100000, 0x0000000089200000, 0x0000000089200000|100%| E|CS|TAMS 0x0000000089100000, 0x0000000089100000| Complete 
| 118|0x0000000089200000, 0x0000000089300000, 0x0000000089300000|100%| E|CS|TAMS 0x0000000089200000, 0x0000000089200000| Complete 
| 119|0x0000000089300000, 0x0000000089400000, 0x0000000089400000|100%| E|CS|TAMS 0x0000000089300000, 0x0000000089300000| Complete 
| 120|0x0000000089400000, 0x0000000089500000, 0x0000000089500000|100%| E|CS|TAMS 0x0000000089400000, 0x0000000089400000| Complete 
| 121|0x0000000089500000, 0x0000000089600000, 0x0000000089600000|100%| E|CS|TAMS 0x0000000089500000, 0x0000000089500000| Complete 
| 122|0x0000000089600000, 0x0000000089700000, 0x0000000089700000|100%| E|CS|TAMS 0x0000000089600000, 0x0000000089600000| Complete 
| 123|0x0000000089700000, 0x0000000089800000, 0x0000000089800000|100%| E|CS|TAMS 0x0000000089700000, 0x0000000089700000| Complete 
| 124|0x0000000089800000, 0x0000000089900000, 0x0000000089900000|100%| E|CS|TAMS 0x0000000089800000, 0x0000000089800000| Complete 
| 125|0x0000000089900000, 0x0000000089a00000, 0x0000000089a00000|100%| E|CS|TAMS 0x0000000089900000, 0x0000000089900000| Complete 
| 126|0x0000000089a00000, 0x0000000089b00000, 0x0000000089b00000|100%| E|CS|TAMS 0x0000000089a00000, 0x0000000089a00000| Complete 
| 127|0x0000000089b00000, 0x0000000089c00000, 0x0000000089c00000|100%| E|CS|TAMS 0x0000000089b00000, 0x0000000089b00000| Complete 
| 128|0x0000000089c00000, 0x0000000089d00000, 0x0000000089d00000|100%| E|CS|TAMS 0x0000000089c00000, 0x0000000089c00000| Complete 
| 129|0x0000000089d00000, 0x0000000089e00000, 0x0000000089e00000|100%| E|CS|TAMS 0x0000000089d00000, 0x0000000089d00000| Complete 
| 130|0x0000000089e00000, 0x0000000089f00000, 0x0000000089f00000|100%| E|CS|TAMS 0x0000000089e00000, 0x0000000089e00000| Complete 
| 131|0x0000000089f00000, 0x000000008a000000, 0x000000008a000000|100%| E|CS|TAMS 0x0000000089f00000, 0x0000000089f00000| Complete 
| 132|0x000000008a000000, 0x000000008a100000, 0x000000008a100000|100%| E|CS|TAMS 0x000000008a000000, 0x000000008a000000| Complete 
| 133|0x000000008a100000, 0x000000008a200000, 0x000000008a200000|100%| E|CS|TAMS 0x000000008a100000, 0x000000008a100000| Complete 
| 134|0x000000008a200000, 0x000000008a300000, 0x000000008a300000|100%| E|CS|TAMS 0x000000008a200000, 0x000000008a200000| Complete 
| 135|0x000000008a300000, 0x000000008a400000, 0x000000008a400000|100%| E|CS|TAMS 0x000000008a300000, 0x000000008a300000| Complete 
| 136|0x000000008a400000, 0x000000008a500000, 0x000000008a500000|100%| E|CS|TAMS 0x000000008a400000, 0x000000008a400000| Complete 
| 137|0x000000008a500000, 0x000000008a600000, 0x000000008a600000|100%| E|CS|TAMS 0x000000008a500000, 0x000000008a500000| Complete 
| 138|0x000000008a600000, 0x000000008a700000, 0x000000008a700000|100%| E|CS|TAMS 0x000000008a600000, 0x000000008a600000| Complete 
| 139|0x000000008a700000, 0x000000008a800000, 0x000000008a800000|100%| E|CS|TAMS 0x000000008a700000, 0x000000008a700000| Complete 
| 140|0x000000008a800000, 0x000000008a900000, 0x000000008a900000|100%| E|CS|TAMS 0x000000008a800000, 0x000000008a800000| Complete 
| 141|0x000000008a900000, 0x000000008aa00000, 0x000000008aa00000|100%| E|CS|TAMS 0x000000008a900000, 0x000000008a900000| Complete 
| 142|0x000000008aa00000, 0x000000008ab00000, 0x000000008ab00000|100%| E|CS|TAMS 0x000000008aa00000, 0x000000008aa00000| Complete 
| 143|0x000000008ab00000, 0x000000008ac00000, 0x000000008ac00000|100%| E|CS|TAMS 0x000000008ab00000, 0x000000008ab00000| Complete 
| 144|0x000000008ac00000, 0x000000008ad00000, 0x000000008ad00000|100%| E|CS|TAMS 0x000000008ac00000, 0x000000008ac00000| Complete 
| 145|0x000000008ad00000, 0x000000008ae00000, 0x000000008ae00000|100%| E|CS|TAMS 0x000000008ad00000, 0x000000008ad00000| Complete 
| 146|0x000000008ae00000, 0x000000008af00000, 0x000000008af00000|100%| E|CS|TAMS 0x000000008ae00000, 0x000000008ae00000| Complete 
| 147|0x000000008af00000, 0x000000008b000000, 0x000000008b000000|100%| E|CS|TAMS 0x000000008af00000, 0x000000008af00000| Complete 
| 148|0x000000008b000000, 0x000000008b100000, 0x000000008b100000|100%| E|CS|TAMS 0x000000008b000000, 0x000000008b000000| Complete 
| 149|0x000000008b100000, 0x000000008b200000, 0x000000008b200000|100%| E|CS|TAMS 0x000000008b100000, 0x000000008b100000| Complete 
| 150|0x000000008b200000, 0x000000008b300000, 0x000000008b300000|100%| E|CS|TAMS 0x000000008b200000, 0x000000008b200000| Complete 
| 151|0x000000008b300000, 0x000000008b400000, 0x000000008b400000|100%| E|CS|TAMS 0x000000008b300000, 0x000000008b300000| Complete 
| 152|0x000000008b400000, 0x000000008b500000, 0x000000008b500000|100%| E|CS|TAMS 0x000000008b400000, 0x000000008b400000| Complete 
| 153|0x000000008b500000, 0x000000008b600000, 0x000000008b600000|100%| E|CS|TAMS 0x000000008b500000, 0x000000008b500000| Complete 
| 154|0x000000008b600000, 0x000000008b700000, 0x000000008b700000|100%| E|CS|TAMS 0x000000008b600000, 0x000000008b600000| Complete 
| 155|0x000000008b700000, 0x000000008b800000, 0x000000008b800000|100%| E|CS|TAMS 0x000000008b700000, 0x000000008b700000| Complete 
| 156|0x000000008b800000, 0x000000008b900000, 0x000000008b900000|100%| E|CS|TAMS 0x000000008b800000, 0x000000008b800000| Complete 
| 157|0x000000008b900000, 0x000000008ba00000, 0x000000008ba00000|100%| E|CS|TAMS 0x000000008b900000, 0x000000008b900000| Complete 
| 158|0x000000008ba00000, 0x000000008bb00000, 0x000000008bb00000|100%| E|CS|TAMS 0x000000008ba00000, 0x000000008ba00000| Complete 
| 159|0x000000008bb00000, 0x000000008bc00000, 0x000000008bc00000|100%| E|CS|TAMS 0x000000008bb00000, 0x000000008bb00000| Complete 
| 160|0x000000008bc00000, 0x000000008bd00000, 0x000000008bd00000|100%| E|CS|TAMS 0x000000008bc00000, 0x000000008bc00000| Complete 
| 161|0x000000008bd00000, 0x000000008be00000, 0x000000008be00000|100%| E|CS|TAMS 0x000000008bd00000, 0x000000008bd00000| Complete 
| 162|0x000000008be00000, 0x000000008bf00000, 0x000000008bf00000|100%| E|CS|TAMS 0x000000008be00000, 0x000000008be00000| Complete 
| 163|0x000000008bf00000, 0x000000008c000000, 0x000000008c000000|100%| E|CS|TAMS 0x000000008bf00000, 0x000000008bf00000| Complete 
| 164|0x000000008c000000, 0x000000008c100000, 0x000000008c100000|100%| E|CS|TAMS 0x000000008c000000, 0x000000008c000000| Complete 
| 165|0x000000008c100000, 0x000000008c200000, 0x000000008c200000|100%| E|CS|TAMS 0x000000008c100000, 0x000000008c100000| Complete 
| 166|0x000000008c200000, 0x000000008c300000, 0x000000008c300000|100%| E|CS|TAMS 0x000000008c200000, 0x000000008c200000| Complete 
| 167|0x000000008c300000, 0x000000008c400000, 0x000000008c400000|100%| E|CS|TAMS 0x000000008c300000, 0x000000008c300000| Complete 
| 168|0x000000008c400000, 0x000000008c500000, 0x000000008c500000|100%| E|CS|TAMS 0x000000008c400000, 0x000000008c400000| Complete 
| 169|0x000000008c500000, 0x000000008c600000, 0x000000008c600000|100%| E|CS|TAMS 0x000000008c500000, 0x000000008c500000| Complete 
| 170|0x000000008c600000, 0x000000008c700000, 0x000000008c700000|100%| E|CS|TAMS 0x000000008c600000, 0x000000008c600000| Complete 
| 171|0x000000008c700000, 0x000000008c800000, 0x000000008c800000|100%| E|CS|TAMS 0x000000008c700000, 0x000000008c700000| Complete 
| 172|0x000000008c800000, 0x000000008c900000, 0x000000008c900000|100%| E|CS|TAMS 0x000000008c800000, 0x000000008c800000| Complete 
| 173|0x000000008c900000, 0x000000008ca00000, 0x000000008ca00000|100%| E|CS|TAMS 0x000000008c900000, 0x000000008c900000| Complete 
| 174|0x000000008ca00000, 0x000000008cb00000, 0x000000008cb00000|100%| E|CS|TAMS 0x000000008ca00000, 0x000000008ca00000| Complete 
| 175|0x000000008cb00000, 0x000000008cc00000, 0x000000008cc00000|100%| E|CS|TAMS 0x000000008cb00000, 0x000000008cb00000| Complete 
| 176|0x000000008cc00000, 0x000000008cd00000, 0x000000008cd00000|100%| E|CS|TAMS 0x000000008cc00000, 0x000000008cc00000| Complete 
| 177|0x000000008cd00000, 0x000000008ce00000, 0x000000008ce00000|100%| E|CS|TAMS 0x000000008cd00000, 0x000000008cd00000| Complete 
| 178|0x000000008ce00000, 0x000000008cf00000, 0x000000008cf00000|100%| E|CS|TAMS 0x000000008ce00000, 0x000000008ce00000| Complete 
| 179|0x000000008cf00000, 0x000000008d000000, 0x000000008d000000|100%| E|CS|TAMS 0x000000008cf00000, 0x000000008cf00000| Complete 
| 180|0x000000008d000000, 0x000000008d100000, 0x000000008d100000|100%| E|CS|TAMS 0x000000008d000000, 0x000000008d000000| Complete 
| 181|0x000000008d100000, 0x000000008d200000, 0x000000008d200000|100%| E|CS|TAMS 0x000000008d100000, 0x000000008d100000| Complete 
| 182|0x000000008d200000, 0x000000008d300000, 0x000000008d300000|100%| E|CS|TAMS 0x000000008d200000, 0x000000008d200000| Complete 
| 183|0x000000008d300000, 0x000000008d400000, 0x000000008d400000|100%| E|CS|TAMS 0x000000008d300000, 0x000000008d300000| Complete 
| 184|0x000000008d400000, 0x000000008d500000, 0x000000008d500000|100%| E|CS|TAMS 0x000000008d400000, 0x000000008d400000| Complete 
| 185|0x000000008d500000, 0x000000008d600000, 0x000000008d600000|100%| E|CS|TAMS 0x000000008d500000, 0x000000008d500000| Complete 
| 186|0x000000008d600000, 0x000000008d700000, 0x000000008d700000|100%| E|CS|TAMS 0x000000008d600000, 0x000000008d600000| Complete 
| 187|0x000000008d700000, 0x000000008d800000, 0x000000008d800000|100%| E|CS|TAMS 0x000000008d700000, 0x000000008d700000| Complete 
| 188|0x000000008d800000, 0x000000008d900000, 0x000000008d900000|100%| E|CS|TAMS 0x000000008d800000, 0x000000008d800000| Complete 
| 189|0x000000008d900000, 0x000000008da00000, 0x000000008da00000|100%| E|CS|TAMS 0x000000008d900000, 0x000000008d900000| Complete 
| 190|0x000000008da00000, 0x000000008db00000, 0x000000008db00000|100%| E|CS|TAMS 0x000000008da00000, 0x000000008da00000| Complete 
| 191|0x000000008db00000, 0x000000008dc00000, 0x000000008dc00000|100%| E|CS|TAMS 0x000000008db00000, 0x000000008db00000| Complete 
| 192|0x000000008dc00000, 0x000000008dd00000, 0x000000008dd00000|100%| E|CS|TAMS 0x000000008dc00000, 0x000000008dc00000| Complete 
| 193|0x000000008dd00000, 0x000000008de00000, 0x000000008de00000|100%| E|CS|TAMS 0x000000008dd00000, 0x000000008dd00000| Complete 
| 194|0x000000008de00000, 0x000000008df00000, 0x000000008df00000|100%| E|CS|TAMS 0x000000008de00000, 0x000000008de00000| Complete 
| 195|0x000000008df00000, 0x000000008e000000, 0x000000008e000000|100%| E|CS|TAMS 0x000000008df00000, 0x000000008df00000| Complete 
| 196|0x000000008e000000, 0x000000008e100000, 0x000000008e100000|100%| E|CS|TAMS 0x000000008e000000, 0x000000008e000000| Complete 
| 197|0x000000008e100000, 0x000000008e200000, 0x000000008e200000|100%| E|CS|TAMS 0x000000008e100000, 0x000000008e100000| Complete 
| 198|0x000000008e200000, 0x000000008e300000, 0x000000008e300000|100%| E|CS|TAMS 0x000000008e200000, 0x000000008e200000| Complete 
| 199|0x000000008e300000, 0x000000008e400000, 0x000000008e400000|100%| E|CS|TAMS 0x000000008e300000, 0x000000008e300000| Complete 
| 200|0x000000008e400000, 0x000000008e500000, 0x000000008e500000|100%| E|CS|TAMS 0x000000008e400000, 0x000000008e400000| Complete 
| 201|0x000000008e500000, 0x000000008e600000, 0x000000008e600000|100%| E|CS|TAMS 0x000000008e500000, 0x000000008e500000| Complete 
| 202|0x000000008e600000, 0x000000008e700000, 0x000000008e700000|100%| E|CS|TAMS 0x000000008e600000, 0x000000008e600000| Complete 
| 203|0x000000008e700000, 0x000000008e800000, 0x000000008e800000|100%| E|CS|TAMS 0x000000008e700000, 0x000000008e700000| Complete 
| 204|0x000000008e800000, 0x000000008e900000, 0x000000008e900000|100%| E|CS|TAMS 0x000000008e800000, 0x000000008e800000| Complete 
| 205|0x000000008e900000, 0x000000008ea00000, 0x000000008ea00000|100%| E|CS|TAMS 0x000000008e900000, 0x000000008e900000| Complete 
| 206|0x000000008ea00000, 0x000000008eb00000, 0x000000008eb00000|100%| E|CS|TAMS 0x000000008ea00000, 0x000000008ea00000| Complete 
| 207|0x000000008eb00000, 0x000000008ec00000, 0x000000008ec00000|100%| E|CS|TAMS 0x000000008eb00000, 0x000000008eb00000| Complete 
| 208|0x000000008ec00000, 0x000000008ed00000, 0x000000008ed00000|100%| E|CS|TAMS 0x000000008ec00000, 0x000000008ec00000| Complete 
| 209|0x000000008ed00000, 0x000000008ee00000, 0x000000008ee00000|100%| E|CS|TAMS 0x000000008ed00000, 0x000000008ed00000| Complete 
| 210|0x000000008ee00000, 0x000000008ef00000, 0x000000008ef00000|100%| E|CS|TAMS 0x000000008ee00000, 0x000000008ee00000| Complete 
| 211|0x000000008ef00000, 0x000000008f000000, 0x000000008f000000|100%| E|CS|TAMS 0x000000008ef00000, 0x000000008ef00000| Complete 
| 212|0x000000008f000000, 0x000000008f100000, 0x000000008f100000|100%| E|CS|TAMS 0x000000008f000000, 0x000000008f000000| Complete 
| 213|0x000000008f100000, 0x000000008f200000, 0x000000008f200000|100%| E|CS|TAMS 0x000000008f100000, 0x000000008f100000| Complete 
| 214|0x000000008f200000, 0x000000008f300000, 0x000000008f300000|100%| E|CS|TAMS 0x000000008f200000, 0x000000008f200000| Complete 
| 215|0x000000008f300000, 0x000000008f400000, 0x000000008f400000|100%| E|CS|TAMS 0x000000008f300000, 0x000000008f300000| Complete 
| 216|0x000000008f400000, 0x000000008f500000, 0x000000008f500000|100%| E|CS|TAMS 0x000000008f400000, 0x000000008f400000| Complete 
| 217|0x000000008f500000, 0x000000008f600000, 0x000000008f600000|100%| E|CS|TAMS 0x000000008f500000, 0x000000008f500000| Complete 
| 218|0x000000008f600000, 0x000000008f700000, 0x000000008f700000|100%| E|CS|TAMS 0x000000008f600000, 0x000000008f600000| Complete 
| 219|0x000000008f700000, 0x000000008f800000, 0x000000008f800000|100%| E|CS|TAMS 0x000000008f700000, 0x000000008f700000| Complete 
| 220|0x000000008f800000, 0x000000008f900000, 0x000000008f900000|100%| E|CS|TAMS 0x000000008f800000, 0x000000008f800000| Complete 
| 221|0x000000008f900000, 0x000000008fa00000, 0x000000008fa00000|100%| E|CS|TAMS 0x000000008f900000, 0x000000008f900000| Complete 

Card table byte_map: [0x0000020cdb380000,0x0000020cdb780000] _byte_map_base: 0x0000020cdaf72000

Marking Bits (Prev, Next): (CMBitMap*) 0x0000020cc3c62298, (CMBitMap*) 0x0000020cc3c622d0
 Prev Bits: [0x0000020cdbb80000, 0x0000020cddb10000)
 Next Bits: [0x0000020cddb10000, 0x0000020cdfaa0000)

Polling page: 0x0000020cc1bc0000

Metaspace:

Usage:
  Non-class:     67.78 MB capacity,    65.97 MB ( 97%) used,     1.45 MB (  2%) free+waste,   363.63 KB ( <1%) overhead. 
      Class:     11.67 MB capacity,    10.48 MB ( 90%) used,     1.02 MB (  9%) free+waste,   179.75 KB (  2%) overhead. 
       Both:     79.45 MB capacity,    76.45 MB ( 96%) used,     2.47 MB (  3%) free+waste,   543.38 KB ( <1%) overhead. 

Virtual space:
  Non-class space:       68.00 MB reserved,      67.82 MB (>99%) committed 
      Class space:        1.00 GB reserved,      11.75 MB (  1%) committed 
             Both:        1.07 GB reserved,      79.57 MB (  7%) committed 

Chunk freelists:
   Non-Class:  5.63 KB
       Class:  0 bytes
        Both:  5.63 KB

CodeHeap 'non-profiled nmethods': size=238912Kb used=21781Kb max_used=21781Kb free=217130Kb
 bounds [0x0000020ccc630000, 0x0000020ccdb80000, 0x0000020cdaf80000]
CodeHeap 'non-nmethods': size=6848Kb used=1490Kb max_used=1490Kb free=5357Kb
 bounds [0x0000020ccbf80000, 0x0000020ccc1f0000, 0x0000020ccc630000]
 total_blobs=13830 nmethods=12806 adapters=913
 compilation: enabled
              stopped_count=0, restarted_count=0
 full_count=0

Compilation events (10 events):
Event: 1117.948 Thread 0x0000020ce1fba000 12823       1       com.sun.javafx.geom.transform.Translate2D::equals (51 bytes)
Event: 1117.948 Thread 0x0000020ce1fba000 nmethod 12823 0x0000020ccdb73210 code [0x0000020ccdb733e0, 0x0000020ccdb73670]
Event: 1117.948 Thread 0x0000020ce1fba000 12824       1       com.sun.javafx.geom.transform.Translate2D::deriveWithNewTransform (30 bytes)
Event: 1117.948 Thread 0x0000020ce1fba000 nmethod 12824 0x0000020ccdb73790 code [0x0000020ccdb73980, 0x0000020ccdb73b80]
Event: 1117.948 Thread 0x0000020ce1fba000 12822       1       javafx.scene.control.skin.VirtualFlow$ArrayLinkedList::getLast (24 bytes)
Event: 1117.949 Thread 0x0000020ce1fba000 nmethod 12822 0x0000020ccdb73c90 code [0x0000020ccdb73e60, 0x0000020ccdb74030]
Event: 1117.979 Thread 0x0000020ce1fba000 12825       1       java.lang.AbstractStringBuilder::indexOf (18 bytes)
Event: 1117.979 Thread 0x0000020ce1fba000 nmethod 12825 0x0000020ccc7e9690 code [0x0000020ccc7e9840, 0x0000020ccc7e9990]
Event: 1117.983 Thread 0x0000020ce1fba000 12826       1       javafx.scene.layout.FlowPane::normalizeRun (282 bytes)
Event: 1117.986 Thread 0x0000020ce1fba000 nmethod 12826 0x0000020ccdb74190 code [0x0000020ccdb74500, 0x0000020ccdb751c0]

GC Heap History (10 events):
Event: 16.344 GC heap after
{Heap after GC invocations=16 (full 0):
 garbage-first heap   total 189440K, used 44023K [0x0000000081c00000, 0x0000000100000000)
  region size 1024K, 14 young (14336K), 14 survivors (14336K)
 Metaspace       used 69341K, capacity 71545K, committed 71880K, reserved 1112064K
  class space    used 9161K, capacity 10018K, committed 10112K, reserved 1048576K
}
Event: 18.684 GC heap before
{Heap before GC invocations=16 (full 0):
 garbage-first heap   total 189440K, used 143351K [0x0000000081c00000, 0x0000000100000000)
  region size 1024K, 111 young (113664K), 14 survivors (14336K)
 Metaspace       used 69366K, capacity 71615K, committed 71880K, reserved 1112064K
  class space    used 9162K, capacity 10019K, committed 10112K, reserved 1048576K
}
Event: 18.704 GC heap after
{Heap after GC invocations=17 (full 0):
 garbage-first heap   total 227328K, used 47156K [0x0000000081c00000, 0x0000000100000000)
  region size 1024K, 4 young (4096K), 4 survivors (4096K)
 Metaspace       used 69366K, capacity 71615K, committed 71880K, reserved 1112064K
  class space    used 9162K, capacity 10019K, committed 10112K, reserved 1048576K
}
Event: 21.562 GC heap before
{Heap before GC invocations=17 (full 0):
 garbage-first heap   total 227328K, used 162868K [0x0000000081c00000, 0x0000000100000000)
  region size 1024K, 117 young (119808K), 4 survivors (4096K)
 Metaspace       used 69368K, capacity 71618K, committed 71880K, reserved 1112064K
  class space    used 9162K, capacity 10020K, committed 10112K, reserved 1048576K
}
Event: 21.571 GC heap after
{Heap after GC invocations=18 (full 0):
 garbage-first heap   total 227328K, used 48399K [0x0000000081c00000, 0x0000000100000000)
  region size 1024K, 5 young (5120K), 5 survivors (5120K)
 Metaspace       used 69368K, capacity 71618K, committed 71880K, reserved 1112064K
  class space    used 9162K, capacity 10020K, committed 10112K, reserved 1048576K
}
Event: 24.857 GC heap before
{Heap before GC invocations=18 (full 0):
 garbage-first heap   total 227328K, used 176399K [0x0000000081c00000, 0x0000000100000000)
  region size 1024K, 130 young (133120K), 5 survivors (5120K)
 Metaspace       used 69369K, capacity 71618K, committed 71880K, reserved 1112064K
  class space    used 9162K, capacity 10020K, committed 10112K, reserved 1048576K
}
Event: 24.872 GC heap after
{Heap after GC invocations=19 (full 0):
 garbage-first heap   total 227328K, used 51388K [0x0000000081c00000, 0x0000000100000000)
  region size 1024K, 8 young (8192K), 8 survivors (8192K)
 Metaspace       used 69369K, capacity 71618K, committed 71880K, reserved 1112064K
  class space    used 9162K, capacity 10020K, committed 10112K, reserved 1048576K
}
Event: 40.283 GC heap before
{Heap before GC invocations=19 (full 0):
 garbage-first heap   total 227328K, used 181436K [0x0000000081c00000, 0x0000000100000000)
  region size 1024K, 133 young (136192K), 8 survivors (8192K)
 Metaspace       used 78033K, capacity 81110K, committed 81224K, reserved 1118208K
  class space    used 10706K, capacity 11937K, committed 12032K, reserved 1048576K
}
Event: 40.318 GC heap after
{Heap after GC invocations=20 (full 0):
 garbage-first heap   total 227328K, used 68641K [0x0000000081c00000, 0x0000000100000000)
  region size 1024K, 17 young (17408K), 17 survivors (17408K)
 Metaspace       used 78033K, capacity 81110K, committed 81224K, reserved 1118208K
  class space    used 10706K, capacity 11937K, committed 12032K, reserved 1048576K
}
Event: 1117.987 GC heap before
{Heap before GC invocations=20 (full 0):
 garbage-first heap   total 227328K, used 176161K [0x0000000081c00000, 0x0000000100000000)
  region size 1024K, 123 young (125952K), 17 survivors (17408K)
 Metaspace       used 78284K, capacity 81356K, committed 81480K, reserved 1118208K
  class space    used 10729K, capacity 11953K, committed 12032K, reserved 1048576K
}

Deoptimization events (0 events):
No events

Classes redefined (0 events):
No events

Internal exceptions (10 events):
Event: 34.948 Thread 0x0000020cea9b8000 Exception <a 'java/lang/ClassNotFoundException'{0x000000008970cd28}: org/springframework/context/support/LiveBeansView> (0x000000008970cd28) thrown at [t:/workspace/open/src/hotspot/share/classfile/systemDictionary.cpp, line 231]
Event: 39.568 Thread 0x0000020ce32d9000 Exception <a 'java/lang/NoSuchMethodError'{0x0000000088d63a68}: java.lang.invoke.DirectMethodHandle$Holder.invokeStaticInit(Ljava/lang/Object;Ljava/lang/Object;Ljava/lang/Object;)J> (0x0000000088d63a68) thrown at [t:/workspace/open/src/hotspot/share/inter
Event: 39.569 Thread 0x0000020ce32d9000 Exception <a 'java/lang/NoSuchMethodError'{0x0000000088d78f80}: java.lang.invoke.DirectMethodHandle$Holder.invokeStatic(Ljava/lang/Object;Ljava/lang/Object;J)Ljava/lang/Object;> (0x0000000088d78f80) thrown at [t:/workspace/open/src/hotspot/share/interpret
Event: 39.612 Thread 0x0000020ce32d9000 Exception <a 'java/lang/NoSuchMethodError'{0x0000000088c62958}: java.lang.invoke.DirectMethodHandle$Holder.invokeStatic(Ljava/lang/Object;Ljava/lang/Object;IIIIILjava/lang/Object;)Ljava/lang/Object;> (0x0000000088c62958) thrown at [t:/workspace/open/src/h
Event: 39.613 Thread 0x0000020ce32d9000 Exception <a 'java/lang/NoSuchMethodError'{0x0000000088c731d8}: java.lang.invoke.DirectMethodHandle$Holder.invokeStatic(Ljava/lang/Object;Ljava/lang/Object;Ljava/lang/Object;IIIII)Ljava/lang/Object;> (0x0000000088c731d8) thrown at [t:/workspace/open/src/h
Event: 39.613 Thread 0x0000020ce32d9000 Exception <a 'java/lang/NoSuchMethodError'{0x0000000088c79a38}: java.lang.invoke.Invokers$Holder.linkToTargetMethod(Ljava/lang/Object;Ljava/lang/Object;IIIIILjava/lang/Object;)Ljava/lang/Object;> (0x0000000088c79a38) thrown at [t:/workspace/open/src/hotsp
Event: 41.504 Thread 0x0000020ce32d9000 Exception <a 'java/lang/NullPointerException'{0x000000008c4c5eb0}> (0x000000008c4c5eb0) thrown at [t:/workspace/open/src/hotspot/share/prims/jvm.cpp, line 1300]
Event: 96.605 Thread 0x0000020ce32d9000 Exception <a 'java/lang/NullPointerException'{0x000000008af9a1e0}> (0x000000008af9a1e0) thrown at [t:/workspace/open/src/hotspot/share/interpreter/linkResolver.cpp, line 1354]
Event: 96.605 Thread 0x0000020ce32d9000 Exception <a 'java/lang/reflect/InvocationTargetException'{0x000000008af9aa00}> (0x000000008af9aa00) thrown at [t:/workspace/open/src/hotspot/share/runtime/reflection.cpp, line 1242]
Event: 96.605 Thread 0x0000020ce32d9000 Exception <a 'java/lang/RuntimeException'{0x000000008af9c370}> (0x000000008af9c370) thrown at [t:/workspace/open/src/hotspot/share/prims/jvm.cpp, line 1300]

Events (10 events):
Event: 1117.208 Thread 0x0000020ce1fc8800 flushing nmethod 0x0000020ccc74e590
Event: 1117.208 Thread 0x0000020ce1fc8800 flushing nmethod 0x0000020ccc74f610
Event: 1117.208 Thread 0x0000020ce1fc8800 flushing nmethod 0x0000020ccc750010
Event: 1117.208 Thread 0x0000020ce1fc8800 flushing nmethod 0x0000020ccc76b590
Event: 1117.208 Thread 0x0000020ce1fc8800 flushing nmethod 0x0000020ccc76d210
Event: 1117.208 Thread 0x0000020ce1fc8800 flushing nmethod 0x0000020ccc7e4710
Event: 1117.208 Thread 0x0000020ce1fc8800 flushing nmethod 0x0000020ccc7e6d10
Event: 1117.208 Thread 0x0000020ce1fc8800 flushing nmethod 0x0000020ccc7e9690
Event: 1117.208 Thread 0x0000020ce1fc8800 flushing nmethod 0x0000020ccc7f7e90
Event: 1117.986 Executing VM operation: G1CollectForAllocation


Dynamic libraries:
0x00007ff777b70000 - 0x00007ff777bb7000 	C:\Program Files\Java\jdk-11.0.5\bin\javaw.exe
0x00007ff9499e0000 - 0x00007ff949bd0000 	C:\WINDOWS\SYSTEM32\ntdll.dll
0x00007ff949680000 - 0x00007ff949732000 	C:\WINDOWS\System32\KERNEL32.DLL
0x00007ff947690000 - 0x00007ff947934000 	C:\WINDOWS\System32\KERNELBASE.dll
0x00007ff947a60000 - 0x00007ff947b03000 	C:\WINDOWS\System32\ADVAPI32.dll
0x00007ff948b30000 - 0x00007ff948bce000 	C:\WINDOWS\System32\msvcrt.dll
0x00007ff948a90000 - 0x00007ff948b27000 	C:\WINDOWS\System32\sechost.dll
0x00007ff948000000 - 0x00007ff948120000 	C:\WINDOWS\System32\RPCRT4.dll
0x00007ff948870000 - 0x00007ff948a04000 	C:\WINDOWS\System32\USER32.dll
0x00007ff946af0000 - 0x00007ff946b11000 	C:\WINDOWS\System32\win32u.dll
0x00007ff947e60000 - 0x00007ff947e86000 	C:\WINDOWS\System32\GDI32.dll
0x00007ff9474f0000 - 0x00007ff947685000 	C:\WINDOWS\System32\gdi32full.dll
0x00007ff947940000 - 0x00007ff9479de000 	C:\WINDOWS\System32\msvcp_win.dll
0x00007ff946940000 - 0x00007ff946a3a000 	C:\WINDOWS\System32\ucrtbase.dll
0x00007ff93a0a0000 - 0x00007ff93a324000 	C:\WINDOWS\WinSxS\amd64_microsoft.windows.common-controls_6595b64144ccf1df_6.0.18362.900_none_e6beb9d913147d17\COMCTL32.dll
0x00007ff947b10000 - 0x00007ff947e45000 	C:\WINDOWS\System32\combase.dll
0x00007ff93ff90000 - 0x00007ff93ff9a000 	C:\WINDOWS\SYSTEM32\VERSION.dll
0x00007ff946b20000 - 0x00007ff946ba0000 	C:\WINDOWS\System32\bcryptPrimitives.dll
0x00007ff947e90000 - 0x00007ff947ebe000 	C:\WINDOWS\System32\IMM32.DLL
0x00007ff942600000 - 0x00007ff942616000 	C:\Program Files\Java\jdk-11.0.5\bin\vcruntime140.dll
0x00007ff8ee2c0000 - 0x00007ff8ee36a000 	C:\Program Files\Java\jdk-11.0.5\bin\msvcp140.dll
0x00007ff8ef3a0000 - 0x00007ff8efec8000 	C:\Program Files\Java\jdk-11.0.5\bin\server\jvm.dll
0x00007ff949390000 - 0x00007ff949398000 	C:\WINDOWS\System32\PSAPI.DLL
0x00007ff942730000 - 0x00007ff942739000 	C:\WINDOWS\SYSTEM32\WSOCK32.dll
0x00007ff9431b0000 - 0x00007ff9431d4000 	C:\WINDOWS\SYSTEM32\WINMM.dll
0x00007ff948d20000 - 0x00007ff948d8f000 	C:\WINDOWS\System32\WS2_32.dll
0x00007ff943180000 - 0x00007ff9431ad000 	C:\WINDOWS\SYSTEM32\winmmbase.dll
0x00007ff947320000 - 0x00007ff94736a000 	C:\WINDOWS\System32\cfgmgr32.dll
0x00007ff946920000 - 0x00007ff946931000 	C:\WINDOWS\System32\kernel.appcore.dll
0x00007ff92dc70000 - 0x00007ff92dc81000 	C:\Program Files\Java\jdk-11.0.5\bin\verify.dll
0x00007ff934d50000 - 0x00007ff934f44000 	C:\WINDOWS\SYSTEM32\DBGHELP.DLL
0x00007ff934d00000 - 0x00007ff934d2a000 	C:\WINDOWS\SYSTEM32\dbgcore.DLL
0x00007ff928b00000 - 0x00007ff928b29000 	C:\Program Files\Java\jdk-11.0.5\bin\java.dll
0x00007ff928ae0000 - 0x00007ff928af6000 	C:\Program Files\Java\jdk-11.0.5\bin\zip.dll
0x00007ff940ef0000 - 0x00007ff940efa000 	C:\Program Files\Java\jdk-11.0.5\bin\jimage.dll
0x00007ff948180000 - 0x00007ff948866000 	C:\WINDOWS\System32\SHELL32.dll
0x00007ff948e00000 - 0x00007ff948ea9000 	C:\WINDOWS\System32\shcore.dll
0x00007ff946ba0000 - 0x00007ff947320000 	C:\WINDOWS\System32\windows.storage.dll
0x00007ff9468f0000 - 0x00007ff946913000 	C:\WINDOWS\System32\profapi.dll
0x00007ff9468a0000 - 0x00007ff9468ea000 	C:\WINDOWS\System32\powrprof.dll
0x00007ff946870000 - 0x00007ff946880000 	C:\WINDOWS\System32\UMPDC.dll
0x00007ff948120000 - 0x00007ff948172000 	C:\WINDOWS\System32\shlwapi.dll
0x00007ff947a40000 - 0x00007ff947a57000 	C:\WINDOWS\System32\cryptsp.dll
0x00007ff918d80000 - 0x00007ff918d99000 	C:\Program Files\Java\jdk-11.0.5\bin\net.dll
0x00007ff93cf60000 - 0x00007ff93d050000 	C:\WINDOWS\SYSTEM32\WINHTTP.dll
0x00007ff9460e0000 - 0x00007ff946147000 	C:\WINDOWS\system32\mswsock.dll
0x00007ff917cf0000 - 0x00007ff917d03000 	C:\Program Files\Java\jdk-11.0.5\bin\nio.dll
0x00007ff943540000 - 0x00007ff943549000 	C:\Program Files\Java\jdk-11.0.5\bin\management.dll
0x00007ff942620000 - 0x00007ff94262c000 	C:\Program Files\Java\jdk-11.0.5\bin\management_ext.dll
0x00007ff93b690000 - 0x00007ff93b6a6000 	C:\WINDOWS\system32\napinsp.dll
0x00007ff931cd0000 - 0x00007ff931cea000 	C:\WINDOWS\system32\pnrpnsp.dll
0x00007ff945e30000 - 0x00007ff945efb000 	C:\WINDOWS\SYSTEM32\DNSAPI.dll
0x00007ff947e50000 - 0x00007ff947e58000 	C:\WINDOWS\System32\NSI.dll
0x00007ff945df0000 - 0x00007ff945e2a000 	C:\WINDOWS\SYSTEM32\IPHLPAPI.DLL
0x00007ff931cc0000 - 0x00007ff931cce000 	C:\WINDOWS\System32\winrnr.dll
0x00007ff9433b0000 - 0x00007ff9433cc000 	C:\WINDOWS\system32\NLAapi.dll
0x00007ff941850000 - 0x00007ff941865000 	C:\WINDOWS\system32\wshbth.dll
0x00007ff93b4a0000 - 0x00007ff93b4aa000 	C:\Windows\System32\rasadhlp.dll
0x00007ff93c880000 - 0x00007ff93c8f7000 	C:\WINDOWS\System32\fwpuclnt.dll
0x00007ff9474c0000 - 0x00007ff9474e6000 	C:\WINDOWS\System32\bcrypt.dll
0x00007ff945c50000 - 0x00007ff945c83000 	C:\WINDOWS\system32\rsaenh.dll
0x00007ff946760000 - 0x00007ff946785000 	C:\WINDOWS\SYSTEM32\USERENV.dll
0x00007ff9462b0000 - 0x00007ff9462bc000 	C:\WINDOWS\SYSTEM32\CRYPTBASE.dll
0x00007ff93dda0000 - 0x00007ff93ddb6000 	C:\WINDOWS\SYSTEM32\dhcpcsvc6.DLL
0x00007ff93e4b0000 - 0x00007ff93e4cc000 	C:\WINDOWS\SYSTEM32\dhcpcsvc.DLL
0x0000020cc3b30000 - 0x0000020cc3b33000 	C:\java-libs\javafx-sdk-11.0.2\bin\api-ms-win-core-console-l1-1-0.dll
0x0000020cc3b40000 - 0x0000020cc3b43000 	C:\java-libs\javafx-sdk-11.0.2\bin\api-ms-win-core-datetime-l1-1-0.dll
0x0000020cc3b50000 - 0x0000020cc3b53000 	C:\java-libs\javafx-sdk-11.0.2\bin\api-ms-win-core-debug-l1-1-0.dll
0x0000020cc3b60000 - 0x0000020cc3b63000 	C:\java-libs\javafx-sdk-11.0.2\bin\api-ms-win-core-errorhandling-l1-1-0.dll
0x0000020cc3b70000 - 0x0000020cc3b74000 	C:\java-libs\javafx-sdk-11.0.2\bin\api-ms-win-core-file-l1-1-0.dll
0x0000020cc3b80000 - 0x0000020cc3b83000 	C:\java-libs\javafx-sdk-11.0.2\bin\api-ms-win-core-file-l1-2-0.dll
0x0000020cc3b90000 - 0x0000020cc3b93000 	C:\java-libs\javafx-sdk-11.0.2\bin\api-ms-win-core-file-l2-1-0.dll
0x0000020cc3ba0000 - 0x0000020cc3ba3000 	C:\java-libs\javafx-sdk-11.0.2\bin\api-ms-win-core-handle-l1-1-0.dll
0x0000020cc3bb0000 - 0x0000020cc3bb3000 	C:\java-libs\javafx-sdk-11.0.2\bin\api-ms-win-core-heap-l1-1-0.dll
0x0000020cc3bc0000 - 0x0000020cc3bc3000 	C:\java-libs\javafx-sdk-11.0.2\bin\api-ms-win-core-interlocked-l1-1-0.dll
0x0000020cc3bd0000 - 0x0000020cc3bd3000 	C:\java-libs\javafx-sdk-11.0.2\bin\api-ms-win-core-libraryloader-l1-1-0.dll
0x0000020cc3be0000 - 0x0000020cc3be3000 	C:\java-libs\javafx-sdk-11.0.2\bin\api-ms-win-core-localization-l1-2-0.dll
0x0000020ce3c20000 - 0x0000020ce3c23000 	C:\java-libs\javafx-sdk-11.0.2\bin\api-ms-win-core-memory-l1-1-0.dll
0x0000020ce3c30000 - 0x0000020ce3c33000 	C:\java-libs\javafx-sdk-11.0.2\bin\api-ms-win-core-namedpipe-l1-1-0.dll
0x0000020ce3c40000 - 0x0000020ce3c43000 	C:\java-libs\javafx-sdk-11.0.2\bin\api-ms-win-core-processenvironment-l1-1-0.dll
0x0000020ce3c50000 - 0x0000020ce3c53000 	C:\java-libs\javafx-sdk-11.0.2\bin\api-ms-win-core-processthreads-l1-1-0.dll
0x0000020ce3c60000 - 0x0000020ce3c63000 	C:\java-libs\javafx-sdk-11.0.2\bin\api-ms-win-core-processthreads-l1-1-1.dll
0x0000020ce3c70000 - 0x0000020ce3c73000 	C:\java-libs\javafx-sdk-11.0.2\bin\api-ms-win-core-profile-l1-1-0.dll
0x0000020ce3c80000 - 0x0000020ce3c83000 	C:\java-libs\javafx-sdk-11.0.2\bin\api-ms-win-core-rtlsupport-l1-1-0.dll
0x0000020ce3c90000 - 0x0000020ce3c93000 	C:\java-libs\javafx-sdk-11.0.2\bin\api-ms-win-core-string-l1-1-0.dll
0x0000020ce3ca0000 - 0x0000020ce3ca3000 	C:\java-libs\javafx-sdk-11.0.2\bin\api-ms-win-core-synch-l1-1-0.dll
0x0000020ce3cb0000 - 0x0000020ce3cb3000 	C:\java-libs\javafx-sdk-11.0.2\bin\api-ms-win-core-synch-l1-2-0.dll
0x0000020ce3cc0000 - 0x0000020ce3cc3000 	C:\java-libs\javafx-sdk-11.0.2\bin\api-ms-win-core-sysinfo-l1-1-0.dll
0x0000020ce3cd0000 - 0x0000020ce3cd3000 	C:\java-libs\javafx-sdk-11.0.2\bin\api-ms-win-core-timezone-l1-1-0.dll
0x0000020ce3ce0000 - 0x0000020ce3ce3000 	C:\java-libs\javafx-sdk-11.0.2\bin\api-ms-win-core-util-l1-1-0.dll
0x0000020ce3cf0000 - 0x0000020ce3cf3000 	C:\java-libs\javafx-sdk-11.0.2\bin\api-ms-win-crt-conio-l1-1-0.dll
0x0000020ce3d00000 - 0x0000020ce3d04000 	C:\java-libs\javafx-sdk-11.0.2\bin\api-ms-win-crt-convert-l1-1-0.dll
0x0000020ce3d10000 - 0x0000020ce3d13000 	C:\java-libs\javafx-sdk-11.0.2\bin\api-ms-win-crt-environment-l1-1-0.dll
0x0000020ce3d20000 - 0x0000020ce3d23000 	C:\java-libs\javafx-sdk-11.0.2\bin\api-ms-win-crt-filesystem-l1-1-0.dll
0x0000020ce3d30000 - 0x0000020ce3d33000 	C:\java-libs\javafx-sdk-11.0.2\bin\api-ms-win-crt-heap-l1-1-0.dll
0x0000020ce3d40000 - 0x0000020ce3d43000 	C:\java-libs\javafx-sdk-11.0.2\bin\api-ms-win-crt-locale-l1-1-0.dll
0x0000020ce3d50000 - 0x0000020ce3d55000 	C:\java-libs\javafx-sdk-11.0.2\bin\api-ms-win-crt-math-l1-1-0.dll
0x0000020ce3d60000 - 0x0000020ce3d65000 	C:\java-libs\javafx-sdk-11.0.2\bin\api-ms-win-crt-multibyte-l1-1-0.dll
0x0000020ce3d70000 - 0x0000020ce3d80000 	C:\java-libs\javafx-sdk-11.0.2\bin\api-ms-win-crt-private-l1-1-0.dll
0x0000020ce3d80000 - 0x0000020ce3d83000 	C:\java-libs\javafx-sdk-11.0.2\bin\api-ms-win-crt-process-l1-1-0.dll
0x0000020ce3d90000 - 0x0000020ce3d94000 	C:\java-libs\javafx-sdk-11.0.2\bin\api-ms-win-crt-runtime-l1-1-0.dll
0x0000020ce3da0000 - 0x0000020ce3da4000 	C:\java-libs\javafx-sdk-11.0.2\bin\api-ms-win-crt-stdio-l1-1-0.dll
0x0000020ce3db0000 - 0x0000020ce3db4000 	C:\java-libs\javafx-sdk-11.0.2\bin\api-ms-win-crt-string-l1-1-0.dll
0x0000020ce3dc0000 - 0x0000020ce3dc3000 	C:\java-libs\javafx-sdk-11.0.2\bin\api-ms-win-crt-time-l1-1-0.dll
0x0000020ce3dd0000 - 0x0000020ce3dd3000 	C:\java-libs\javafx-sdk-11.0.2\bin\api-ms-win-crt-utility-l1-1-0.dll
0x00007ff914ba0000 - 0x00007ff914c9a000 	C:\java-libs\javafx-sdk-11.0.2\bin\ucrtbase.dll
0x00007ff943600000 - 0x00007ff943616000 	C:\java-libs\javafx-sdk-11.0.2\bin\vcruntime140.dll
0x00007ff91c9d0000 - 0x00007ff91ca76000 	C:\java-libs\javafx-sdk-11.0.2\bin\msvcp140.dll
0x00007ff92eef0000 - 0x00007ff92ef41000 	C:\java-libs\javafx-sdk-11.0.2\bin\concrt140.dll
0x00007ff92b800000 - 0x00007ff92b823000 	C:\java-libs\javafx-sdk-11.0.2\bin\prism_d3d.dll
0x00007ff91b640000 - 0x00007ff91b807000 	C:\WINDOWS\system32\d3d9.dll
0x00007ff945010000 - 0x00007ff94503d000 	C:\WINDOWS\SYSTEM32\dwmapi.dll
0x00007ff9454e0000 - 0x00007ff945500000 	C:\WINDOWS\SYSTEM32\dxcore.dll
0x00007ff944b40000 - 0x00007ff944bd9000 	C:\WINDOWS\system32\uxtheme.dll
0x00007ff8dad60000 - 0x00007ff8dd29d000 	C:\WINDOWS\SYSTEM32\igdumdim64.dll
0x00007ff948bd0000 - 0x00007ff948c95000 	C:\WINDOWS\System32\OLEAUT32.dll
0x00007ff949740000 - 0x00007ff949897000 	C:\WINDOWS\System32\ole32.dll
0x00007ff948ec0000 - 0x00007ff949330000 	C:\WINDOWS\System32\SETUPAPI.dll
0x00007ff924130000 - 0x00007ff924175000 	C:\java-libs\javafx-sdk-11.0.2\bin\glass.dll
0x00007ff9498a0000 - 0x00007ff949970000 	C:\WINDOWS\System32\COMDLG32.dll
0x00007ff947ec0000 - 0x00007ff947ff5000 	C:\WINDOWS\System32\MSCTF.dll
0x00007ff9361e0000 - 0x00007ff936c20000 	C:\WINDOWS\SYSTEM32\igdusc64.dll
0x00007ff943550000 - 0x00007ff943564000 	C:\java-libs\javafx-sdk-11.0.2\bin\javafx_font.dll
0x00007ff92f090000 - 0x00007ff92f38e000 	C:\WINDOWS\SYSTEM32\dwrite.dll
0x00007ff949420000 - 0x00007ff9494c2000 	C:\WINDOWS\System32\clbcatq.dll
0x00007ff93f4e0000 - 0x00007ff93f68f000 	C:\WINDOWS\SYSTEM32\WindowsCodecs.dll
0x00007ff92df70000 - 0x00007ff92dfaa000 	C:\WINDOWS\system32\dataexchange.dll
0x00007ff9446f0000 - 0x00007ff9448cc000 	C:\WINDOWS\system32\dcomp.dll

dbghelp: loaded successfully - version: 4.0.5 - missing functions: none
symbol engine: initialized successfully - sym options: 0x614 - pdb path: .;C:\Program Files\Java\jdk-11.0.5\bin;C:\WINDOWS\SYSTEM32;C:\WINDOWS\WinSxS\amd64_microsoft.windows.common-controls_6595b64144ccf1df_6.0.18362.900_none_e6beb9d913147d17;C:\Program Files\Java\jdk-11.0.5\bin\server;C:\java-libs\javafx-sdk-11.0.2\bin;C:\Program Files\Common Files\Microsoft Shared\Ink

VM Arguments:
jvm_args: -Dcom.sun.management.jmxremote -Dcom.sun.management.jmxremote.port=56933 -Dcom.sun.management.jmxremote.authenticate=false -Dcom.sun.management.jmxremote.ssl=false -Djava.rmi.server.hostname=localhost -Dspring.jmx.enabled=true -Dspring.application.admin.enabled=true --module-path=C:\java-libs\javafx-sdk-11.0.2\lib --add-modules=javafx.fxml,javafx.controls -Xverify:none -XX:TieredStopAtLevel=1 -Dspring.boot.project.name=sisgesteduc -Dfile.encoding=UTF-8 
java_command: com.rodrigo7prado.sisGestEduc.Main3 --spring.output.ansi.enabled=always
java_class_path (initial): C:\temp\ws-sts\sisgesteduc\target\classes;C:\java-libs\javafx-sdk-11.0.2\lib\javafx.base.jar;C:\java-libs\javafx-sdk-11.0.2\lib\javafx.controls.jar;C:\java-libs\javafx-sdk-11.0.2\lib\javafx.fxml.jar;C:\java-libs\javafx-sdk-11.0.2\lib\javafx.graphics.jar;C:\java-libs\javafx-sdk-11.0.2\lib\javafx.media.jar;C:\java-libs\javafx-sdk-11.0.2\lib\javafx.swing.jar;C:\java-libs\javafx-sdk-11.0.2\lib\javafx.web.jar;C:\java-libs\javafx-sdk-11.0.2\lib\javafx-swt.jar;C:\Users\rodri\.m2\repository\org\springframework\boot\spring-boot-starter-web\2.2.2.RELEASE\spring-boot-starter-web-2.2.2.RELEASE.jar;C:\Users\rodri\.m2\repository\org\springframework\boot\spring-boot-starter\2.2.2.RELEASE\spring-boot-starter-2.2.2.RELEASE.jar;C:\Users\rodri\.m2\repository\org\springframework\boot\spring-boot\2.2.2.RELEASE\spring-boot-2.2.2.RELEASE.jar;C:\Users\rodri\.m2\repository\org\springframework\boot\spring-boot-autoconfigure\2.2.2.RELEASE\spring-boot-autoconfigure-2.2.2.RELEASE.jar;C:\Users\rodri\.m2\repository\org\springframework\boot\spring-boot-starter-logging\2.2.2.RELEASE\spring-boot-starter-logging-2.2.2.RELEASE.jar;C:\Users\rodri\.m2\repository\ch\qos\logback\logback-classic\1.2.3\logback-classic-1.2.3.jar;C:\Users\rodri\.m2\repository\ch\qos\logback\logback-core\1.2.3\logback-core-1.2.3.jar;C:\Users\rodri\.m2\repository\org\apache\logging\log4j\log4j-to-slf4j\2.12.1\log4j-to-slf4j-2.12.1.jar;C:\Users\rodri\.m2\repository\org\apache\logging\log4j\log4j-api\2.12.1\log4j-api-2.12.1.jar;C:\Users\rodri\.m2\repository\org\slf4j\jul-to-slf4j\1.7.29\jul-to-slf4j-1.7.29.jar;C:\Users\rodri\.m2\repository\jakarta\annotation\jakarta.annotation-api\1.3.5\jakarta.annotation-api-1.3.5.jar;C:\Users\rodri\.m2\repository\org\yaml\snakeyaml\1.25\snakeyaml-1.25.jar;C:\Users\rodri\.m2\repository\org\springframework\boot\spring-boot-starter-json\2.2.2.RELEASE\spring-boot-starter-json-2.2.2.RELEASE.jar;C:\Users\rodri\.m2\repository\com\fasterxml\jackson\datatype\jackson-datatype
Launcher Type: SUN_STANDARD

[Global flags]
     bool BytecodeVerificationLocal                = false                                     {product} {command line}
     bool BytecodeVerificationRemote               = false                                     {product} {command line}
     intx CICompilerCount                          = 3                                         {product} {ergonomic}
     uint ConcGCThreads                            = 1                                         {product} {ergonomic}
     uint G1ConcRefinementThreads                  = 4                                         {product} {ergonomic}
   size_t G1HeapRegionSize                         = 1048576                                   {product} {ergonomic}
    uintx GCDrainStackTargetSize                   = 64                                        {product} {ergonomic}
   size_t InitialHeapSize                          = 134217728                                 {product} {ergonomic}
     bool ManagementServer                         = true                                      {product} {command line}
   size_t MarkStackSize                            = 4194304                                   {product} {ergonomic}
   size_t MaxHeapSize                              = 2118123520                                {product} {ergonomic}
   size_t MaxNewSize                               = 1270874112                                {product} {ergonomic}
   size_t MinHeapDeltaBytes                        = 1048576                                   {product} {ergonomic}
    uintx NonNMethodCodeHeapSize                   = 6973028                                {pd product} {ergonomic}
    uintx NonProfiledCodeHeapSize                  = 244685212                              {pd product} {ergonomic}
    uintx ProfiledCodeHeapSize                     = 0                                      {pd product} {ergonomic}
    uintx ReservedCodeCacheSize                    = 251658240                              {pd product} {ergonomic}
     bool SegmentedCodeCache                       = true                                      {product} {ergonomic}
     intx TieredStopAtLevel                        = 1                                         {product} {command line}
     bool UseCompressedClassPointers               = true                                 {lp64_product} {ergonomic}
     bool UseCompressedOops                        = true                                 {lp64_product} {ergonomic}
     bool UseG1GC                                  = true                                      {product} {ergonomic}
     bool UseLargePagesIndividualAllocation        = false                                  {pd product} {ergonomic}

Logging:
Log output configuration:
 #0: stdout all=warning uptime,level,tags
 #1: stderr all=off uptime,level,tags

Environment Variables:
JAVA_HOME=C:\Program Files\Java\jdk-11.0.5
PATH=C:/Program Files/Java/jdk-11.0.5/bin/server;C:/Program Files/Java/jdk-11.0.5/bin;C:\WINDOWS\system32;C:\WINDOWS;C:\WINDOWS\System32\Wbem;C:\WINDOWS\System32\WindowsPowerShell\v1.0\;C:\WINDOWS\System32\OpenSSH\;C:\Program Files\Microsoft VS Code\bin;C:\Program Files\dotnet\;C:\Program Files\Microsoft SQL Server\130\Tools\Binn\;C:\Program Files\Microsoft SQL Server\Client SDK\ODBC\170\Tools\Binn\;C:\Program Files\nodejs\;C:\Program Files (x86)\QuickTime\QTSystem\;C:\Program Files\Git\cmd;C:\Program Files\MySQL\MySQL Shell 8.0\bin\;C:\Users\rodri\AppData\Local\Microsoft\WindowsApps;C:\Program Files\Java\jdk-11.0.5\bin;C:\xampp\mysql\bin;C:\Users\rodri\AppData\Roaming\npm;C:\sts-4.5.0.RELEASE;
USERNAME=rodri
OS=Windows_NT
PROCESSOR_IDENTIFIER=Intel64 Family 6 Model 69 Stepping 1, GenuineIntel



---------------  S Y S T E M  ---------------

OS: Windows 10 , 64 bit Build 18362 (10.0.18362.900)

CPU:total 4 (initial active 4) (2 cores per cpu, 2 threads per core) family 6 model 69 stepping 1, cmov, cx8, fxsr, mmx, sse, sse2, sse3, ssse3, sse4.1, sse4.2, popcnt, avx, avx2, aes, clmul, erms, lzcnt, ht, tsc, tscinvbit, bmi1, bmi2, fma

Memory: 4k page, system-wide physical 8075M (523M free)
TotalPageFile size 15499M (AvailPageFile size 3730M)
current process WorkingSet (physical memory assigned to process): 459M, peak: 459M
current process commit charge ("private bytes"): 505M, peak: 505M

vm_info: Java HotSpot(TM) 64-Bit Server VM (11.0.5+10-LTS) for windows-amd64 JRE (11.0.5+10-LTS), built on Oct  6 2019 12:37:14 by "mach5one" with MS VC++ 15.5 (VS2017)

END.
